20161013-18:49:48.091 [INTRO] [main] [34mINFO [0;39m [36mo.l.i.Application[0;39m - Starting Application on adamuz.local with PID 3953 (/Users/cbadenes/Projects/librairy/intro/target/classes started by cbadenes in /Users/cbadenes/Projects/librairy/intro) 
20161013-18:49:48.094 [INTRO] [main] [34mINFO [0;39m [36mo.l.i.Application[0;39m - No active profile set, falling back to default profiles: default 
20161013-18:49:50.655 [INTRO] [main] [34mINFO [0;39m [36mo.l.s.s.c.ColumnConfig[0;39m - Initializying Cassandra connection to: column-db 9042 .. 
20161013-18:49:50.656 [INTRO] [main] [34mINFO [0;39m [36mo.l.s.s.c.ColumnConfig[0;39m - Initialized Cassandra connection to: column-db 9042 
20161013-18:49:51.888 [INTRO] [main] [34mINFO [0;39m [36mo.l.s.s.d.DocumentConfig[0;39m - Initializying Elasticsearch connection to: document-db 9300 .. 
20161013-18:49:52.604 [INTRO] [main] [34mINFO [0;39m [36mo.l.s.s.d.DocumentConfig[0;39m - Initialized Elasticsearch connection to: document-db 9300 
20161013-18:49:52.901 [INTRO] [main] [34mINFO [0;39m [36mo.l.s.s.g.GraphConfig[0;39m - Initializying Neo4j connection to: graph-db 7474 .. 
20161013-18:49:52.904 [INTRO] [main] [34mINFO [0;39m [36mo.l.s.s.g.GraphConfig[0;39m - Initialized Neo4j connection to: graph-db 7474 
20161013-18:49:53.319 [INTRO] [main] [34mINFO [0;39m [36mo.l.s.g.URIGenerator[0;39m - Uri Generator initialized successfully 
20161013-18:49:53.434 [INTRO] [main] [34mINFO [0;39m [36mo.l.e.r.RabbitMQEventBus[0;39m - Initializing RabbitMQ Event-Bus in: amqp://librairy:drinventor@event-bus:5672/drinventor 
20161013-18:49:53.448 [INTRO] [main] [34mINFO [0;39m [36mo.l.e.r.RabbitMQClient[0;39m - trying to connect to: event-bus:5672 .. 
20161013-18:49:53.504 [INTRO] [main] [34mINFO [0;39m [36mo.l.e.r.RabbitMQClient[0;39m - connected to: event-bus:5672 
20161013-18:49:53.514 [INTRO] [main] [34mINFO [0;39m [36mo.l.e.r.RabbitMQEventBus[0;39m - RabbitMQ Event-Bus initialized successfully 
20161013-18:49:53.579 [INTRO] [main] [34mINFO [0;39m [36mo.l.e.EventBusHelper[0;39m - Trying to register as subscriber of 'BindingKey(key=DOCUMENT.created, group=test.new.document)' the following handler: org.librairy.intro.Monitor@31a024ea 
20161013-18:49:53.652 [INTRO] [main] [34mINFO [0;39m [36mo.l.e.EventBusHelper[0;39m - registered successfully 
20161013-18:49:54.139 [INTRO] [main] [34mINFO [0;39m [36mo.l.i.Application[0;39m - Started Application in 6.298 seconds (JVM running for 7.512) 
20161013-18:49:54.139 [INTRO] [main] [34mINFO [0;39m [36mo.l.i.Application[0;39m - Listening on port: 8888 
20161013-18:50:15.456 [INTRO] [main] [34mINFO [0;39m [36mo.l.i.Application[0;39m - Starting Application on adamuz.local with PID 3969 (/Users/cbadenes/Projects/librairy/intro/target/classes started by cbadenes in /Users/cbadenes/Projects/librairy/intro) 
20161013-18:50:15.462 [INTRO] [main] [34mINFO [0;39m [36mo.l.i.Application[0;39m - No active profile set, falling back to default profiles: default 
20161013-18:50:18.084 [INTRO] [main] [34mINFO [0;39m [36mo.l.s.s.c.ColumnConfig[0;39m - Initializying Cassandra connection to: column-db 9042 .. 
20161013-18:50:18.084 [INTRO] [main] [34mINFO [0;39m [36mo.l.s.s.c.ColumnConfig[0;39m - Initialized Cassandra connection to: column-db 9042 
20161013-18:50:19.209 [INTRO] [main] [34mINFO [0;39m [36mo.l.s.s.d.DocumentConfig[0;39m - Initializying Elasticsearch connection to: document-db 9300 .. 
20161013-18:50:19.951 [INTRO] [main] [34mINFO [0;39m [36mo.l.s.s.d.DocumentConfig[0;39m - Initialized Elasticsearch connection to: document-db 9300 
20161013-18:50:20.413 [INTRO] [main] [34mINFO [0;39m [36mo.l.s.s.g.GraphConfig[0;39m - Initializying Neo4j connection to: graph-db 7474 .. 
20161013-18:50:20.416 [INTRO] [main] [34mINFO [0;39m [36mo.l.s.s.g.GraphConfig[0;39m - Initialized Neo4j connection to: graph-db 7474 
20161013-18:50:21.221 [INTRO] [main] [34mINFO [0;39m [36mo.l.s.g.URIGenerator[0;39m - Uri Generator initialized successfully 
20161013-18:50:21.463 [INTRO] [main] [34mINFO [0;39m [36mo.l.e.r.RabbitMQEventBus[0;39m - Initializing RabbitMQ Event-Bus in: amqp://librairy:drinventor@event-bus:5672/drinventor 
20161013-18:50:21.481 [INTRO] [main] [34mINFO [0;39m [36mo.l.e.r.RabbitMQClient[0;39m - trying to connect to: event-bus:5672 .. 
20161013-18:50:26.515 [INTRO] [.1:5672] [1;31mERROR[0;39m [36mo.l.e.r.RabbitMQExceptionHandler[0;39m - Unexpected Connection Driver Error on RabbitMQ: amqp://librairy@127.0.0.1:5672/drinventor 
java.net.SocketException: Socket closed
	at java.net.SocketInputStream.socketRead0(Native Method) ~[na:1.8.0_73]
	at java.net.SocketInputStream.socketRead(SocketInputStream.java:116) ~[na:1.8.0_73]
	at java.net.SocketInputStream.read(SocketInputStream.java:170) ~[na:1.8.0_73]
	at java.net.SocketInputStream.read(SocketInputStream.java:141) ~[na:1.8.0_73]
	at java.io.BufferedInputStream.fill(BufferedInputStream.java:246) ~[na:1.8.0_73]
	at java.io.BufferedInputStream.read(BufferedInputStream.java:265) ~[na:1.8.0_73]
	at java.io.DataInputStream.readUnsignedByte(DataInputStream.java:288) ~[na:1.8.0_73]
	at com.rabbitmq.client.impl.Frame.readFrom(Frame.java:95) ~[amqp-client-3.5.6.jar:na]
	at com.rabbitmq.client.impl.SocketFrameHandler.readFrame(SocketFrameHandler.java:139) ~[amqp-client-3.5.6.jar:na]
	at com.rabbitmq.client.impl.AMQConnection$MainLoop.run(AMQConnection.java:536) ~[amqp-client-3.5.6.jar:na]
	at java.lang.Thread.run(Thread.java:745) [na:1.8.0_73]
20161013-18:50:54.044 [INTRO] [main] [1;31mERROR[0;39m [36mo.s.b.SpringApplication[0;39m - Application startup failed 
org.springframework.beans.factory.BeanCreationException: Error creating bean with name 'monitor': Injection of autowired dependencies failed; nested exception is org.springframework.beans.factory.BeanCreationException: Could not autowire field: org.librairy.storage.UDM org.librairy.intro.Monitor.udm; nested exception is org.springframework.beans.factory.BeanCreationException: Error creating bean with name 'UDM': Injection of autowired dependencies failed; nested exception is org.springframework.beans.factory.BeanCreationException: Could not autowire field: org.librairy.storage.Helper org.librairy.storage.UDM.helper; nested exception is org.springframework.beans.factory.BeanCreationException: Error creating bean with name 'helper': Injection of autowired dependencies failed; nested exception is org.springframework.beans.factory.BeanCreationException: Could not autowire field: org.librairy.model.modules.EventBus org.librairy.storage.Helper.eventBus; nested exception is org.springframework.beans.factory.BeanCreationException: Error creating bean with name 'rabbitMQEventBus': Invocation of init method failed; nested exception is java.lang.RuntimeException: java.util.concurrent.TimeoutException
	at org.springframework.beans.factory.annotation.AutowiredAnnotationBeanPostProcessor.postProcessPropertyValues(AutowiredAnnotationBeanPostProcessor.java:334) ~[spring-beans-4.2.7.RELEASE.jar:4.2.7.RELEASE]
	at org.springframework.beans.factory.support.AbstractAutowireCapableBeanFactory.populateBean(AbstractAutowireCapableBeanFactory.java:1214) ~[spring-beans-4.2.7.RELEASE.jar:4.2.7.RELEASE]
	at org.springframework.beans.factory.support.AbstractAutowireCapableBeanFactory.doCreateBean(AbstractAutowireCapableBeanFactory.java:543) ~[spring-beans-4.2.7.RELEASE.jar:4.2.7.RELEASE]
	at org.springframework.beans.factory.support.AbstractAutowireCapableBeanFactory.createBean(AbstractAutowireCapableBeanFactory.java:482) ~[spring-beans-4.2.7.RELEASE.jar:4.2.7.RELEASE]
	at org.springframework.beans.factory.support.AbstractBeanFactory$1.getObject(AbstractBeanFactory.java:306) ~[spring-beans-4.2.7.RELEASE.jar:4.2.7.RELEASE]
	at org.springframework.beans.factory.support.DefaultSingletonBeanRegistry.getSingleton(DefaultSingletonBeanRegistry.java:230) ~[spring-beans-4.2.7.RELEASE.jar:4.2.7.RELEASE]
	at org.springframework.beans.factory.support.AbstractBeanFactory.doGetBean(AbstractBeanFactory.java:302) ~[spring-beans-4.2.7.RELEASE.jar:4.2.7.RELEASE]
	at org.springframework.beans.factory.support.AbstractBeanFactory.getBean(AbstractBeanFactory.java:197) ~[spring-beans-4.2.7.RELEASE.jar:4.2.7.RELEASE]
	at org.springframework.beans.factory.support.DefaultListableBeanFactory.preInstantiateSingletons(DefaultListableBeanFactory.java:772) ~[spring-beans-4.2.7.RELEASE.jar:4.2.7.RELEASE]
	at org.springframework.context.support.AbstractApplicationContext.finishBeanFactoryInitialization(AbstractApplicationContext.java:839) ~[spring-context-4.2.7.RELEASE.jar:4.2.7.RELEASE]
	at org.springframework.context.support.AbstractApplicationContext.refresh(AbstractApplicationContext.java:538) ~[spring-context-4.2.7.RELEASE.jar:4.2.7.RELEASE]
	at org.springframework.boot.context.embedded.EmbeddedWebApplicationContext.refresh(EmbeddedWebApplicationContext.java:118) ~[spring-boot-1.3.5.RELEASE.jar:1.3.5.RELEASE]
	at org.springframework.boot.SpringApplication.refresh(SpringApplication.java:766) [spring-boot-1.3.5.RELEASE.jar:1.3.5.RELEASE]
	at org.springframework.boot.SpringApplication.createAndRefreshContext(SpringApplication.java:361) [spring-boot-1.3.5.RELEASE.jar:1.3.5.RELEASE]
	at org.springframework.boot.SpringApplication.run(SpringApplication.java:307) [spring-boot-1.3.5.RELEASE.jar:1.3.5.RELEASE]
	at org.springframework.boot.SpringApplication.run(SpringApplication.java:1191) [spring-boot-1.3.5.RELEASE.jar:1.3.5.RELEASE]
	at org.springframework.boot.SpringApplication.run(SpringApplication.java:1180) [spring-boot-1.3.5.RELEASE.jar:1.3.5.RELEASE]
	at org.librairy.intro.Application.main(Application.java:56) [classes/:na]
	at sun.reflect.NativeMethodAccessorImpl.invoke0(Native Method) ~[na:1.8.0_73]
	at sun.reflect.NativeMethodAccessorImpl.invoke(NativeMethodAccessorImpl.java:62) ~[na:1.8.0_73]
	at sun.reflect.DelegatingMethodAccessorImpl.invoke(DelegatingMethodAccessorImpl.java:43) ~[na:1.8.0_73]
	at java.lang.reflect.Method.invoke(Method.java:497) ~[na:1.8.0_73]
	at com.intellij.rt.execution.application.AppMain.main(AppMain.java:144) [idea_rt.jar:na]
Caused by: org.springframework.beans.factory.BeanCreationException: Could not autowire field: org.librairy.storage.UDM org.librairy.intro.Monitor.udm; nested exception is org.springframework.beans.factory.BeanCreationException: Error creating bean with name 'UDM': Injection of autowired dependencies failed; nested exception is org.springframework.beans.factory.BeanCreationException: Could not autowire field: org.librairy.storage.Helper org.librairy.storage.UDM.helper; nested exception is org.springframework.beans.factory.BeanCreationException: Error creating bean with name 'helper': Injection of autowired dependencies failed; nested exception is org.springframework.beans.factory.BeanCreationException: Could not autowire field: org.librairy.model.modules.EventBus org.librairy.storage.Helper.eventBus; nested exception is org.springframework.beans.factory.BeanCreationException: Error creating bean with name 'rabbitMQEventBus': Invocation of init method failed; nested exception is java.lang.RuntimeException: java.util.concurrent.TimeoutException
	at org.springframework.beans.factory.annotation.AutowiredAnnotationBeanPostProcessor$AutowiredFieldElement.inject(AutowiredAnnotationBeanPostProcessor.java:573) ~[spring-beans-4.2.7.RELEASE.jar:4.2.7.RELEASE]
	at org.springframework.beans.factory.annotation.InjectionMetadata.inject(InjectionMetadata.java:88) ~[spring-beans-4.2.7.RELEASE.jar:4.2.7.RELEASE]
	at org.springframework.beans.factory.annotation.AutowiredAnnotationBeanPostProcessor.postProcessPropertyValues(AutowiredAnnotationBeanPostProcessor.java:331) ~[spring-beans-4.2.7.RELEASE.jar:4.2.7.RELEASE]
	... 22 common frames omitted
Caused by: org.springframework.beans.factory.BeanCreationException: Error creating bean with name 'UDM': Injection of autowired dependencies failed; nested exception is org.springframework.beans.factory.BeanCreationException: Could not autowire field: org.librairy.storage.Helper org.librairy.storage.UDM.helper; nested exception is org.springframework.beans.factory.BeanCreationException: Error creating bean with name 'helper': Injection of autowired dependencies failed; nested exception is org.springframework.beans.factory.BeanCreationException: Could not autowire field: org.librairy.model.modules.EventBus org.librairy.storage.Helper.eventBus; nested exception is org.springframework.beans.factory.BeanCreationException: Error creating bean with name 'rabbitMQEventBus': Invocation of init method failed; nested exception is java.lang.RuntimeException: java.util.concurrent.TimeoutException
	at org.springframework.beans.factory.annotation.AutowiredAnnotationBeanPostProcessor.postProcessPropertyValues(AutowiredAnnotationBeanPostProcessor.java:334) ~[spring-beans-4.2.7.RELEASE.jar:4.2.7.RELEASE]
	at org.springframework.beans.factory.support.AbstractAutowireCapableBeanFactory.populateBean(AbstractAutowireCapableBeanFactory.java:1214) ~[spring-beans-4.2.7.RELEASE.jar:4.2.7.RELEASE]
	at org.springframework.beans.factory.support.AbstractAutowireCapableBeanFactory.doCreateBean(AbstractAutowireCapableBeanFactory.java:543) ~[spring-beans-4.2.7.RELEASE.jar:4.2.7.RELEASE]
	at org.springframework.beans.factory.support.AbstractAutowireCapableBeanFactory.createBean(AbstractAutowireCapableBeanFactory.java:482) ~[spring-beans-4.2.7.RELEASE.jar:4.2.7.RELEASE]
	at org.springframework.beans.factory.support.AbstractBeanFactory$1.getObject(AbstractBeanFactory.java:306) ~[spring-beans-4.2.7.RELEASE.jar:4.2.7.RELEASE]
	at org.springframework.beans.factory.support.DefaultSingletonBeanRegistry.getSingleton(DefaultSingletonBeanRegistry.java:230) ~[spring-beans-4.2.7.RELEASE.jar:4.2.7.RELEASE]
	at org.springframework.beans.factory.support.AbstractBeanFactory.doGetBean(AbstractBeanFactory.java:302) ~[spring-beans-4.2.7.RELEASE.jar:4.2.7.RELEASE]
	at org.springframework.beans.factory.support.AbstractBeanFactory.getBean(AbstractBeanFactory.java:197) ~[spring-beans-4.2.7.RELEASE.jar:4.2.7.RELEASE]
	at org.springframework.beans.factory.support.DefaultListableBeanFactory.findAutowireCandidates(DefaultListableBeanFactory.java:1192) ~[spring-beans-4.2.7.RELEASE.jar:4.2.7.RELEASE]
	at org.springframework.beans.factory.support.DefaultListableBeanFactory.doResolveDependency(DefaultListableBeanFactory.java:1116) ~[spring-beans-4.2.7.RELEASE.jar:4.2.7.RELEASE]
	at org.springframework.beans.factory.support.DefaultListableBeanFactory.resolveDependency(DefaultListableBeanFactory.java:1014) ~[spring-beans-4.2.7.RELEASE.jar:4.2.7.RELEASE]
	at org.springframework.beans.factory.annotation.AutowiredAnnotationBeanPostProcessor$AutowiredFieldElement.inject(AutowiredAnnotationBeanPostProcessor.java:545) ~[spring-beans-4.2.7.RELEASE.jar:4.2.7.RELEASE]
	... 24 common frames omitted
Caused by: org.springframework.beans.factory.BeanCreationException: Could not autowire field: org.librairy.storage.Helper org.librairy.storage.UDM.helper; nested exception is org.springframework.beans.factory.BeanCreationException: Error creating bean with name 'helper': Injection of autowired dependencies failed; nested exception is org.springframework.beans.factory.BeanCreationException: Could not autowire field: org.librairy.model.modules.EventBus org.librairy.storage.Helper.eventBus; nested exception is org.springframework.beans.factory.BeanCreationException: Error creating bean with name 'rabbitMQEventBus': Invocation of init method failed; nested exception is java.lang.RuntimeException: java.util.concurrent.TimeoutException
	at org.springframework.beans.factory.annotation.AutowiredAnnotationBeanPostProcessor$AutowiredFieldElement.inject(AutowiredAnnotationBeanPostProcessor.java:573) ~[spring-beans-4.2.7.RELEASE.jar:4.2.7.RELEASE]
	at org.springframework.beans.factory.annotation.InjectionMetadata.inject(InjectionMetadata.java:88) ~[spring-beans-4.2.7.RELEASE.jar:4.2.7.RELEASE]
	at org.springframework.beans.factory.annotation.AutowiredAnnotationBeanPostProcessor.postProcessPropertyValues(AutowiredAnnotationBeanPostProcessor.java:331) ~[spring-beans-4.2.7.RELEASE.jar:4.2.7.RELEASE]
	... 35 common frames omitted
Caused by: org.springframework.beans.factory.BeanCreationException: Error creating bean with name 'helper': Injection of autowired dependencies failed; nested exception is org.springframework.beans.factory.BeanCreationException: Could not autowire field: org.librairy.model.modules.EventBus org.librairy.storage.Helper.eventBus; nested exception is org.springframework.beans.factory.BeanCreationException: Error creating bean with name 'rabbitMQEventBus': Invocation of init method failed; nested exception is java.lang.RuntimeException: java.util.concurrent.TimeoutException
	at org.springframework.beans.factory.annotation.AutowiredAnnotationBeanPostProcessor.postProcessPropertyValues(AutowiredAnnotationBeanPostProcessor.java:334) ~[spring-beans-4.2.7.RELEASE.jar:4.2.7.RELEASE]
	at org.springframework.beans.factory.support.AbstractAutowireCapableBeanFactory.populateBean(AbstractAutowireCapableBeanFactory.java:1214) ~[spring-beans-4.2.7.RELEASE.jar:4.2.7.RELEASE]
	at org.springframework.beans.factory.support.AbstractAutowireCapableBeanFactory.doCreateBean(AbstractAutowireCapableBeanFactory.java:543) ~[spring-beans-4.2.7.RELEASE.jar:4.2.7.RELEASE]
	at org.springframework.beans.factory.support.AbstractAutowireCapableBeanFactory.createBean(AbstractAutowireCapableBeanFactory.java:482) ~[spring-beans-4.2.7.RELEASE.jar:4.2.7.RELEASE]
	at org.springframework.beans.factory.support.AbstractBeanFactory$1.getObject(AbstractBeanFactory.java:306) ~[spring-beans-4.2.7.RELEASE.jar:4.2.7.RELEASE]
	at org.springframework.beans.factory.support.DefaultSingletonBeanRegistry.getSingleton(DefaultSingletonBeanRegistry.java:230) ~[spring-beans-4.2.7.RELEASE.jar:4.2.7.RELEASE]
	at org.springframework.beans.factory.support.AbstractBeanFactory.doGetBean(AbstractBeanFactory.java:302) ~[spring-beans-4.2.7.RELEASE.jar:4.2.7.RELEASE]
	at org.springframework.beans.factory.support.AbstractBeanFactory.getBean(AbstractBeanFactory.java:197) ~[spring-beans-4.2.7.RELEASE.jar:4.2.7.RELEASE]
	at org.springframework.beans.factory.support.DefaultListableBeanFactory.findAutowireCandidates(DefaultListableBeanFactory.java:1192) ~[spring-beans-4.2.7.RELEASE.jar:4.2.7.RELEASE]
	at org.springframework.beans.factory.support.DefaultListableBeanFactory.doResolveDependency(DefaultListableBeanFactory.java:1116) ~[spring-beans-4.2.7.RELEASE.jar:4.2.7.RELEASE]
	at org.springframework.beans.factory.support.DefaultListableBeanFactory.resolveDependency(DefaultListableBeanFactory.java:1014) ~[spring-beans-4.2.7.RELEASE.jar:4.2.7.RELEASE]
	at org.springframework.beans.factory.annotation.AutowiredAnnotationBeanPostProcessor$AutowiredFieldElement.inject(AutowiredAnnotationBeanPostProcessor.java:545) ~[spring-beans-4.2.7.RELEASE.jar:4.2.7.RELEASE]
	... 37 common frames omitted
Caused by: org.springframework.beans.factory.BeanCreationException: Could not autowire field: org.librairy.model.modules.EventBus org.librairy.storage.Helper.eventBus; nested exception is org.springframework.beans.factory.BeanCreationException: Error creating bean with name 'rabbitMQEventBus': Invocation of init method failed; nested exception is java.lang.RuntimeException: java.util.concurrent.TimeoutException
	at org.springframework.beans.factory.annotation.AutowiredAnnotationBeanPostProcessor$AutowiredFieldElement.inject(AutowiredAnnotationBeanPostProcessor.java:573) ~[spring-beans-4.2.7.RELEASE.jar:4.2.7.RELEASE]
	at org.springframework.beans.factory.annotation.InjectionMetadata.inject(InjectionMetadata.java:88) ~[spring-beans-4.2.7.RELEASE.jar:4.2.7.RELEASE]
	at org.springframework.beans.factory.annotation.AutowiredAnnotationBeanPostProcessor.postProcessPropertyValues(AutowiredAnnotationBeanPostProcessor.java:331) ~[spring-beans-4.2.7.RELEASE.jar:4.2.7.RELEASE]
	... 48 common frames omitted
Caused by: org.springframework.beans.factory.BeanCreationException: Error creating bean with name 'rabbitMQEventBus': Invocation of init method failed; nested exception is java.lang.RuntimeException: java.util.concurrent.TimeoutException
	at org.springframework.beans.factory.annotation.InitDestroyAnnotationBeanPostProcessor.postProcessBeforeInitialization(InitDestroyAnnotationBeanPostProcessor.java:136) ~[spring-beans-4.2.7.RELEASE.jar:4.2.7.RELEASE]
	at org.springframework.beans.factory.support.AbstractAutowireCapableBeanFactory.applyBeanPostProcessorsBeforeInitialization(AbstractAutowireCapableBeanFactory.java:408) ~[spring-beans-4.2.7.RELEASE.jar:4.2.7.RELEASE]
	at org.springframework.beans.factory.support.AbstractAutowireCapableBeanFactory.initializeBean(AbstractAutowireCapableBeanFactory.java:1570) ~[spring-beans-4.2.7.RELEASE.jar:4.2.7.RELEASE]
	at org.springframework.beans.factory.support.AbstractAutowireCapableBeanFactory.doCreateBean(AbstractAutowireCapableBeanFactory.java:545) ~[spring-beans-4.2.7.RELEASE.jar:4.2.7.RELEASE]
	at org.springframework.beans.factory.support.AbstractAutowireCapableBeanFactory.createBean(AbstractAutowireCapableBeanFactory.java:482) ~[spring-beans-4.2.7.RELEASE.jar:4.2.7.RELEASE]
	at org.springframework.beans.factory.support.AbstractBeanFactory$1.getObject(AbstractBeanFactory.java:306) ~[spring-beans-4.2.7.RELEASE.jar:4.2.7.RELEASE]
	at org.springframework.beans.factory.support.DefaultSingletonBeanRegistry.getSingleton(DefaultSingletonBeanRegistry.java:230) ~[spring-beans-4.2.7.RELEASE.jar:4.2.7.RELEASE]
	at org.springframework.beans.factory.support.AbstractBeanFactory.doGetBean(AbstractBeanFactory.java:302) ~[spring-beans-4.2.7.RELEASE.jar:4.2.7.RELEASE]
	at org.springframework.beans.factory.support.AbstractBeanFactory.getBean(AbstractBeanFactory.java:197) ~[spring-beans-4.2.7.RELEASE.jar:4.2.7.RELEASE]
	at org.springframework.beans.factory.support.DefaultListableBeanFactory.findAutowireCandidates(DefaultListableBeanFactory.java:1192) ~[spring-beans-4.2.7.RELEASE.jar:4.2.7.RELEASE]
	at org.springframework.beans.factory.support.DefaultListableBeanFactory.doResolveDependency(DefaultListableBeanFactory.java:1116) ~[spring-beans-4.2.7.RELEASE.jar:4.2.7.RELEASE]
	at org.springframework.beans.factory.support.DefaultListableBeanFactory.resolveDependency(DefaultListableBeanFactory.java:1014) ~[spring-beans-4.2.7.RELEASE.jar:4.2.7.RELEASE]
	at org.springframework.beans.factory.annotation.AutowiredAnnotationBeanPostProcessor$AutowiredFieldElement.inject(AutowiredAnnotationBeanPostProcessor.java:545) ~[spring-beans-4.2.7.RELEASE.jar:4.2.7.RELEASE]
	... 50 common frames omitted
Caused by: java.lang.RuntimeException: java.util.concurrent.TimeoutException
	at org.librairy.eventbus.rabbitmq.RabbitMQEventBus.init(RabbitMQEventBus.java:73) ~[librairy-boot-0.28.jar:na]
	at sun.reflect.NativeMethodAccessorImpl.invoke0(Native Method) ~[na:1.8.0_73]
	at sun.reflect.NativeMethodAccessorImpl.invoke(NativeMethodAccessorImpl.java:62) ~[na:1.8.0_73]
	at sun.reflect.DelegatingMethodAccessorImpl.invoke(DelegatingMethodAccessorImpl.java:43) ~[na:1.8.0_73]
	at java.lang.reflect.Method.invoke(Method.java:497) ~[na:1.8.0_73]
	at org.springframework.beans.factory.annotation.InitDestroyAnnotationBeanPostProcessor$LifecycleElement.invoke(InitDestroyAnnotationBeanPostProcessor.java:354) ~[spring-beans-4.2.7.RELEASE.jar:4.2.7.RELEASE]
	at org.springframework.beans.factory.annotation.InitDestroyAnnotationBeanPostProcessor$LifecycleMetadata.invokeInitMethods(InitDestroyAnnotationBeanPostProcessor.java:305) ~[spring-beans-4.2.7.RELEASE.jar:4.2.7.RELEASE]
	at org.springframework.beans.factory.annotation.InitDestroyAnnotationBeanPostProcessor.postProcessBeforeInitialization(InitDestroyAnnotationBeanPostProcessor.java:133) ~[spring-beans-4.2.7.RELEASE.jar:4.2.7.RELEASE]
	... 62 common frames omitted
Caused by: java.util.concurrent.TimeoutException: null
	at com.rabbitmq.utility.BlockingCell.get(BlockingCell.java:77) ~[amqp-client-3.5.6.jar:na]
	at com.rabbitmq.utility.BlockingCell.uninterruptibleGet(BlockingCell.java:111) ~[amqp-client-3.5.6.jar:na]
	at com.rabbitmq.utility.BlockingValueOrException.uninterruptibleGetValue(BlockingValueOrException.java:37) ~[amqp-client-3.5.6.jar:na]
	at com.rabbitmq.client.impl.AMQChannel$BlockingRpcContinuation.getReply(AMQChannel.java:367) ~[amqp-client-3.5.6.jar:na]
	at com.rabbitmq.client.impl.AMQConnection.start(AMQConnection.java:293) ~[amqp-client-3.5.6.jar:na]
	at com.rabbitmq.client.impl.recovery.RecoveryAwareAMQConnectionFactory.newConnection(RecoveryAwareAMQConnectionFactory.java:36) ~[amqp-client-3.5.6.jar:na]
	at com.rabbitmq.client.impl.recovery.AutorecoveringConnection.init(AutorecoveringConnection.java:91) ~[amqp-client-3.5.6.jar:na]
	at com.rabbitmq.client.ConnectionFactory.newConnection(ConnectionFactory.java:640) ~[amqp-client-3.5.6.jar:na]
	at com.rabbitmq.client.ConnectionFactory.newConnection(ConnectionFactory.java:678) ~[amqp-client-3.5.6.jar:na]
	at org.librairy.eventbus.rabbitmq.RabbitMQClient.connect(RabbitMQClient.java:93) ~[librairy-boot-0.28.jar:na]
	at org.librairy.eventbus.rabbitmq.RabbitMQEventBus.init(RabbitMQEventBus.java:69) ~[librairy-boot-0.28.jar:na]
	... 69 common frames omitted
20161013-18:50:54.047 [INTRO] [main] [1;31mERROR[0;39m [36mo.l.i.Application[0;39m - Error executing test 
org.springframework.beans.factory.BeanCreationException: Error creating bean with name 'monitor': Injection of autowired dependencies failed; nested exception is org.springframework.beans.factory.BeanCreationException: Could not autowire field: org.librairy.storage.UDM org.librairy.intro.Monitor.udm; nested exception is org.springframework.beans.factory.BeanCreationException: Error creating bean with name 'UDM': Injection of autowired dependencies failed; nested exception is org.springframework.beans.factory.BeanCreationException: Could not autowire field: org.librairy.storage.Helper org.librairy.storage.UDM.helper; nested exception is org.springframework.beans.factory.BeanCreationException: Error creating bean with name 'helper': Injection of autowired dependencies failed; nested exception is org.springframework.beans.factory.BeanCreationException: Could not autowire field: org.librairy.model.modules.EventBus org.librairy.storage.Helper.eventBus; nested exception is org.springframework.beans.factory.BeanCreationException: Error creating bean with name 'rabbitMQEventBus': Invocation of init method failed; nested exception is java.lang.RuntimeException: java.util.concurrent.TimeoutException
	at org.springframework.beans.factory.annotation.AutowiredAnnotationBeanPostProcessor.postProcessPropertyValues(AutowiredAnnotationBeanPostProcessor.java:334) ~[spring-beans-4.2.7.RELEASE.jar:4.2.7.RELEASE]
	at org.springframework.beans.factory.support.AbstractAutowireCapableBeanFactory.populateBean(AbstractAutowireCapableBeanFactory.java:1214) ~[spring-beans-4.2.7.RELEASE.jar:4.2.7.RELEASE]
	at org.springframework.beans.factory.support.AbstractAutowireCapableBeanFactory.doCreateBean(AbstractAutowireCapableBeanFactory.java:543) ~[spring-beans-4.2.7.RELEASE.jar:4.2.7.RELEASE]
	at org.springframework.beans.factory.support.AbstractAutowireCapableBeanFactory.createBean(AbstractAutowireCapableBeanFactory.java:482) ~[spring-beans-4.2.7.RELEASE.jar:4.2.7.RELEASE]
	at org.springframework.beans.factory.support.AbstractBeanFactory$1.getObject(AbstractBeanFactory.java:306) ~[spring-beans-4.2.7.RELEASE.jar:4.2.7.RELEASE]
	at org.springframework.beans.factory.support.DefaultSingletonBeanRegistry.getSingleton(DefaultSingletonBeanRegistry.java:230) ~[spring-beans-4.2.7.RELEASE.jar:4.2.7.RELEASE]
	at org.springframework.beans.factory.support.AbstractBeanFactory.doGetBean(AbstractBeanFactory.java:302) ~[spring-beans-4.2.7.RELEASE.jar:4.2.7.RELEASE]
	at org.springframework.beans.factory.support.AbstractBeanFactory.getBean(AbstractBeanFactory.java:197) ~[spring-beans-4.2.7.RELEASE.jar:4.2.7.RELEASE]
	at org.springframework.beans.factory.support.DefaultListableBeanFactory.preInstantiateSingletons(DefaultListableBeanFactory.java:772) ~[spring-beans-4.2.7.RELEASE.jar:4.2.7.RELEASE]
	at org.springframework.context.support.AbstractApplicationContext.finishBeanFactoryInitialization(AbstractApplicationContext.java:839) ~[spring-context-4.2.7.RELEASE.jar:4.2.7.RELEASE]
	at org.springframework.context.support.AbstractApplicationContext.refresh(AbstractApplicationContext.java:538) ~[spring-context-4.2.7.RELEASE.jar:4.2.7.RELEASE]
	at org.springframework.boot.context.embedded.EmbeddedWebApplicationContext.refresh(EmbeddedWebApplicationContext.java:118) ~[spring-boot-1.3.5.RELEASE.jar:1.3.5.RELEASE]
	at org.springframework.boot.SpringApplication.refresh(SpringApplication.java:766) ~[spring-boot-1.3.5.RELEASE.jar:1.3.5.RELEASE]
	at org.springframework.boot.SpringApplication.createAndRefreshContext(SpringApplication.java:361) ~[spring-boot-1.3.5.RELEASE.jar:1.3.5.RELEASE]
	at org.springframework.boot.SpringApplication.run(SpringApplication.java:307) ~[spring-boot-1.3.5.RELEASE.jar:1.3.5.RELEASE]
	at org.springframework.boot.SpringApplication.run(SpringApplication.java:1191) ~[spring-boot-1.3.5.RELEASE.jar:1.3.5.RELEASE]
	at org.springframework.boot.SpringApplication.run(SpringApplication.java:1180) ~[spring-boot-1.3.5.RELEASE.jar:1.3.5.RELEASE]
	at org.librairy.intro.Application.main(Application.java:56) ~[classes/:na]
	at sun.reflect.NativeMethodAccessorImpl.invoke0(Native Method) ~[na:1.8.0_73]
	at sun.reflect.NativeMethodAccessorImpl.invoke(NativeMethodAccessorImpl.java:62) ~[na:1.8.0_73]
	at sun.reflect.DelegatingMethodAccessorImpl.invoke(DelegatingMethodAccessorImpl.java:43) ~[na:1.8.0_73]
	at java.lang.reflect.Method.invoke(Method.java:497) ~[na:1.8.0_73]
	at com.intellij.rt.execution.application.AppMain.main(AppMain.java:144) [idea_rt.jar:na]
Caused by: org.springframework.beans.factory.BeanCreationException: Could not autowire field: org.librairy.storage.UDM org.librairy.intro.Monitor.udm; nested exception is org.springframework.beans.factory.BeanCreationException: Error creating bean with name 'UDM': Injection of autowired dependencies failed; nested exception is org.springframework.beans.factory.BeanCreationException: Could not autowire field: org.librairy.storage.Helper org.librairy.storage.UDM.helper; nested exception is org.springframework.beans.factory.BeanCreationException: Error creating bean with name 'helper': Injection of autowired dependencies failed; nested exception is org.springframework.beans.factory.BeanCreationException: Could not autowire field: org.librairy.model.modules.EventBus org.librairy.storage.Helper.eventBus; nested exception is org.springframework.beans.factory.BeanCreationException: Error creating bean with name 'rabbitMQEventBus': Invocation of init method failed; nested exception is java.lang.RuntimeException: java.util.concurrent.TimeoutException
	at org.springframework.beans.factory.annotation.AutowiredAnnotationBeanPostProcessor$AutowiredFieldElement.inject(AutowiredAnnotationBeanPostProcessor.java:573) ~[spring-beans-4.2.7.RELEASE.jar:4.2.7.RELEASE]
	at org.springframework.beans.factory.annotation.InjectionMetadata.inject(InjectionMetadata.java:88) ~[spring-beans-4.2.7.RELEASE.jar:4.2.7.RELEASE]
	at org.springframework.beans.factory.annotation.AutowiredAnnotationBeanPostProcessor.postProcessPropertyValues(AutowiredAnnotationBeanPostProcessor.java:331) ~[spring-beans-4.2.7.RELEASE.jar:4.2.7.RELEASE]
	... 22 common frames omitted
Caused by: org.springframework.beans.factory.BeanCreationException: Error creating bean with name 'UDM': Injection of autowired dependencies failed; nested exception is org.springframework.beans.factory.BeanCreationException: Could not autowire field: org.librairy.storage.Helper org.librairy.storage.UDM.helper; nested exception is org.springframework.beans.factory.BeanCreationException: Error creating bean with name 'helper': Injection of autowired dependencies failed; nested exception is org.springframework.beans.factory.BeanCreationException: Could not autowire field: org.librairy.model.modules.EventBus org.librairy.storage.Helper.eventBus; nested exception is org.springframework.beans.factory.BeanCreationException: Error creating bean with name 'rabbitMQEventBus': Invocation of init method failed; nested exception is java.lang.RuntimeException: java.util.concurrent.TimeoutException
	at org.springframework.beans.factory.annotation.AutowiredAnnotationBeanPostProcessor.postProcessPropertyValues(AutowiredAnnotationBeanPostProcessor.java:334) ~[spring-beans-4.2.7.RELEASE.jar:4.2.7.RELEASE]
	at org.springframework.beans.factory.support.AbstractAutowireCapableBeanFactory.populateBean(AbstractAutowireCapableBeanFactory.java:1214) ~[spring-beans-4.2.7.RELEASE.jar:4.2.7.RELEASE]
	at org.springframework.beans.factory.support.AbstractAutowireCapableBeanFactory.doCreateBean(AbstractAutowireCapableBeanFactory.java:543) ~[spring-beans-4.2.7.RELEASE.jar:4.2.7.RELEASE]
	at org.springframework.beans.factory.support.AbstractAutowireCapableBeanFactory.createBean(AbstractAutowireCapableBeanFactory.java:482) ~[spring-beans-4.2.7.RELEASE.jar:4.2.7.RELEASE]
	at org.springframework.beans.factory.support.AbstractBeanFactory$1.getObject(AbstractBeanFactory.java:306) ~[spring-beans-4.2.7.RELEASE.jar:4.2.7.RELEASE]
	at org.springframework.beans.factory.support.DefaultSingletonBeanRegistry.getSingleton(DefaultSingletonBeanRegistry.java:230) ~[spring-beans-4.2.7.RELEASE.jar:4.2.7.RELEASE]
	at org.springframework.beans.factory.support.AbstractBeanFactory.doGetBean(AbstractBeanFactory.java:302) ~[spring-beans-4.2.7.RELEASE.jar:4.2.7.RELEASE]
	at org.springframework.beans.factory.support.AbstractBeanFactory.getBean(AbstractBeanFactory.java:197) ~[spring-beans-4.2.7.RELEASE.jar:4.2.7.RELEASE]
	at org.springframework.beans.factory.support.DefaultListableBeanFactory.findAutowireCandidates(DefaultListableBeanFactory.java:1192) ~[spring-beans-4.2.7.RELEASE.jar:4.2.7.RELEASE]
	at org.springframework.beans.factory.support.DefaultListableBeanFactory.doResolveDependency(DefaultListableBeanFactory.java:1116) ~[spring-beans-4.2.7.RELEASE.jar:4.2.7.RELEASE]
	at org.springframework.beans.factory.support.DefaultListableBeanFactory.resolveDependency(DefaultListableBeanFactory.java:1014) ~[spring-beans-4.2.7.RELEASE.jar:4.2.7.RELEASE]
	at org.springframework.beans.factory.annotation.AutowiredAnnotationBeanPostProcessor$AutowiredFieldElement.inject(AutowiredAnnotationBeanPostProcessor.java:545) ~[spring-beans-4.2.7.RELEASE.jar:4.2.7.RELEASE]
	... 24 common frames omitted
Caused by: org.springframework.beans.factory.BeanCreationException: Could not autowire field: org.librairy.storage.Helper org.librairy.storage.UDM.helper; nested exception is org.springframework.beans.factory.BeanCreationException: Error creating bean with name 'helper': Injection of autowired dependencies failed; nested exception is org.springframework.beans.factory.BeanCreationException: Could not autowire field: org.librairy.model.modules.EventBus org.librairy.storage.Helper.eventBus; nested exception is org.springframework.beans.factory.BeanCreationException: Error creating bean with name 'rabbitMQEventBus': Invocation of init method failed; nested exception is java.lang.RuntimeException: java.util.concurrent.TimeoutException
	at org.springframework.beans.factory.annotation.AutowiredAnnotationBeanPostProcessor$AutowiredFieldElement.inject(AutowiredAnnotationBeanPostProcessor.java:573) ~[spring-beans-4.2.7.RELEASE.jar:4.2.7.RELEASE]
	at org.springframework.beans.factory.annotation.InjectionMetadata.inject(InjectionMetadata.java:88) ~[spring-beans-4.2.7.RELEASE.jar:4.2.7.RELEASE]
	at org.springframework.beans.factory.annotation.AutowiredAnnotationBeanPostProcessor.postProcessPropertyValues(AutowiredAnnotationBeanPostProcessor.java:331) ~[spring-beans-4.2.7.RELEASE.jar:4.2.7.RELEASE]
	... 35 common frames omitted
Caused by: org.springframework.beans.factory.BeanCreationException: Error creating bean with name 'helper': Injection of autowired dependencies failed; nested exception is org.springframework.beans.factory.BeanCreationException: Could not autowire field: org.librairy.model.modules.EventBus org.librairy.storage.Helper.eventBus; nested exception is org.springframework.beans.factory.BeanCreationException: Error creating bean with name 'rabbitMQEventBus': Invocation of init method failed; nested exception is java.lang.RuntimeException: java.util.concurrent.TimeoutException
	at org.springframework.beans.factory.annotation.AutowiredAnnotationBeanPostProcessor.postProcessPropertyValues(AutowiredAnnotationBeanPostProcessor.java:334) ~[spring-beans-4.2.7.RELEASE.jar:4.2.7.RELEASE]
	at org.springframework.beans.factory.support.AbstractAutowireCapableBeanFactory.populateBean(AbstractAutowireCapableBeanFactory.java:1214) ~[spring-beans-4.2.7.RELEASE.jar:4.2.7.RELEASE]
	at org.springframework.beans.factory.support.AbstractAutowireCapableBeanFactory.doCreateBean(AbstractAutowireCapableBeanFactory.java:543) ~[spring-beans-4.2.7.RELEASE.jar:4.2.7.RELEASE]
	at org.springframework.beans.factory.support.AbstractAutowireCapableBeanFactory.createBean(AbstractAutowireCapableBeanFactory.java:482) ~[spring-beans-4.2.7.RELEASE.jar:4.2.7.RELEASE]
	at org.springframework.beans.factory.support.AbstractBeanFactory$1.getObject(AbstractBeanFactory.java:306) ~[spring-beans-4.2.7.RELEASE.jar:4.2.7.RELEASE]
	at org.springframework.beans.factory.support.DefaultSingletonBeanRegistry.getSingleton(DefaultSingletonBeanRegistry.java:230) ~[spring-beans-4.2.7.RELEASE.jar:4.2.7.RELEASE]
	at org.springframework.beans.factory.support.AbstractBeanFactory.doGetBean(AbstractBeanFactory.java:302) ~[spring-beans-4.2.7.RELEASE.jar:4.2.7.RELEASE]
	at org.springframework.beans.factory.support.AbstractBeanFactory.getBean(AbstractBeanFactory.java:197) ~[spring-beans-4.2.7.RELEASE.jar:4.2.7.RELEASE]
	at org.springframework.beans.factory.support.DefaultListableBeanFactory.findAutowireCandidates(DefaultListableBeanFactory.java:1192) ~[spring-beans-4.2.7.RELEASE.jar:4.2.7.RELEASE]
	at org.springframework.beans.factory.support.DefaultListableBeanFactory.doResolveDependency(DefaultListableBeanFactory.java:1116) ~[spring-beans-4.2.7.RELEASE.jar:4.2.7.RELEASE]
	at org.springframework.beans.factory.support.DefaultListableBeanFactory.resolveDependency(DefaultListableBeanFactory.java:1014) ~[spring-beans-4.2.7.RELEASE.jar:4.2.7.RELEASE]
	at org.springframework.beans.factory.annotation.AutowiredAnnotationBeanPostProcessor$AutowiredFieldElement.inject(AutowiredAnnotationBeanPostProcessor.java:545) ~[spring-beans-4.2.7.RELEASE.jar:4.2.7.RELEASE]
	... 37 common frames omitted
Caused by: org.springframework.beans.factory.BeanCreationException: Could not autowire field: org.librairy.model.modules.EventBus org.librairy.storage.Helper.eventBus; nested exception is org.springframework.beans.factory.BeanCreationException: Error creating bean with name 'rabbitMQEventBus': Invocation of init method failed; nested exception is java.lang.RuntimeException: java.util.concurrent.TimeoutException
	at org.springframework.beans.factory.annotation.AutowiredAnnotationBeanPostProcessor$AutowiredFieldElement.inject(AutowiredAnnotationBeanPostProcessor.java:573) ~[spring-beans-4.2.7.RELEASE.jar:4.2.7.RELEASE]
	at org.springframework.beans.factory.annotation.InjectionMetadata.inject(InjectionMetadata.java:88) ~[spring-beans-4.2.7.RELEASE.jar:4.2.7.RELEASE]
	at org.springframework.beans.factory.annotation.AutowiredAnnotationBeanPostProcessor.postProcessPropertyValues(AutowiredAnnotationBeanPostProcessor.java:331) ~[spring-beans-4.2.7.RELEASE.jar:4.2.7.RELEASE]
	... 48 common frames omitted
Caused by: org.springframework.beans.factory.BeanCreationException: Error creating bean with name 'rabbitMQEventBus': Invocation of init method failed; nested exception is java.lang.RuntimeException: java.util.concurrent.TimeoutException
	at org.springframework.beans.factory.annotation.InitDestroyAnnotationBeanPostProcessor.postProcessBeforeInitialization(InitDestroyAnnotationBeanPostProcessor.java:136) ~[spring-beans-4.2.7.RELEASE.jar:4.2.7.RELEASE]
	at org.springframework.beans.factory.support.AbstractAutowireCapableBeanFactory.applyBeanPostProcessorsBeforeInitialization(AbstractAutowireCapableBeanFactory.java:408) ~[spring-beans-4.2.7.RELEASE.jar:4.2.7.RELEASE]
	at org.springframework.beans.factory.support.AbstractAutowireCapableBeanFactory.initializeBean(AbstractAutowireCapableBeanFactory.java:1570) ~[spring-beans-4.2.7.RELEASE.jar:4.2.7.RELEASE]
	at org.springframework.beans.factory.support.AbstractAutowireCapableBeanFactory.doCreateBean(AbstractAutowireCapableBeanFactory.java:545) ~[spring-beans-4.2.7.RELEASE.jar:4.2.7.RELEASE]
	at org.springframework.beans.factory.support.AbstractAutowireCapableBeanFactory.createBean(AbstractAutowireCapableBeanFactory.java:482) ~[spring-beans-4.2.7.RELEASE.jar:4.2.7.RELEASE]
	at org.springframework.beans.factory.support.AbstractBeanFactory$1.getObject(AbstractBeanFactory.java:306) ~[spring-beans-4.2.7.RELEASE.jar:4.2.7.RELEASE]
	at org.springframework.beans.factory.support.DefaultSingletonBeanRegistry.getSingleton(DefaultSingletonBeanRegistry.java:230) ~[spring-beans-4.2.7.RELEASE.jar:4.2.7.RELEASE]
	at org.springframework.beans.factory.support.AbstractBeanFactory.doGetBean(AbstractBeanFactory.java:302) ~[spring-beans-4.2.7.RELEASE.jar:4.2.7.RELEASE]
	at org.springframework.beans.factory.support.AbstractBeanFactory.getBean(AbstractBeanFactory.java:197) ~[spring-beans-4.2.7.RELEASE.jar:4.2.7.RELEASE]
	at org.springframework.beans.factory.support.DefaultListableBeanFactory.findAutowireCandidates(DefaultListableBeanFactory.java:1192) ~[spring-beans-4.2.7.RELEASE.jar:4.2.7.RELEASE]
	at org.springframework.beans.factory.support.DefaultListableBeanFactory.doResolveDependency(DefaultListableBeanFactory.java:1116) ~[spring-beans-4.2.7.RELEASE.jar:4.2.7.RELEASE]
	at org.springframework.beans.factory.support.DefaultListableBeanFactory.resolveDependency(DefaultListableBeanFactory.java:1014) ~[spring-beans-4.2.7.RELEASE.jar:4.2.7.RELEASE]
	at org.springframework.beans.factory.annotation.AutowiredAnnotationBeanPostProcessor$AutowiredFieldElement.inject(AutowiredAnnotationBeanPostProcessor.java:545) ~[spring-beans-4.2.7.RELEASE.jar:4.2.7.RELEASE]
	... 50 common frames omitted
Caused by: java.lang.RuntimeException: java.util.concurrent.TimeoutException
	at org.librairy.eventbus.rabbitmq.RabbitMQEventBus.init(RabbitMQEventBus.java:73) ~[librairy-boot-0.28.jar:na]
	at sun.reflect.NativeMethodAccessorImpl.invoke0(Native Method) ~[na:1.8.0_73]
	at sun.reflect.NativeMethodAccessorImpl.invoke(NativeMethodAccessorImpl.java:62) ~[na:1.8.0_73]
	at sun.reflect.DelegatingMethodAccessorImpl.invoke(DelegatingMethodAccessorImpl.java:43) ~[na:1.8.0_73]
	at java.lang.reflect.Method.invoke(Method.java:497) ~[na:1.8.0_73]
	at org.springframework.beans.factory.annotation.InitDestroyAnnotationBeanPostProcessor$LifecycleElement.invoke(InitDestroyAnnotationBeanPostProcessor.java:354) ~[spring-beans-4.2.7.RELEASE.jar:4.2.7.RELEASE]
	at org.springframework.beans.factory.annotation.InitDestroyAnnotationBeanPostProcessor$LifecycleMetadata.invokeInitMethods(InitDestroyAnnotationBeanPostProcessor.java:305) ~[spring-beans-4.2.7.RELEASE.jar:4.2.7.RELEASE]
	at org.springframework.beans.factory.annotation.InitDestroyAnnotationBeanPostProcessor.postProcessBeforeInitialization(InitDestroyAnnotationBeanPostProcessor.java:133) ~[spring-beans-4.2.7.RELEASE.jar:4.2.7.RELEASE]
	... 62 common frames omitted
Caused by: java.util.concurrent.TimeoutException: null
	at com.rabbitmq.utility.BlockingCell.get(BlockingCell.java:77) ~[amqp-client-3.5.6.jar:na]
	at com.rabbitmq.utility.BlockingCell.uninterruptibleGet(BlockingCell.java:111) ~[amqp-client-3.5.6.jar:na]
	at com.rabbitmq.utility.BlockingValueOrException.uninterruptibleGetValue(BlockingValueOrException.java:37) ~[amqp-client-3.5.6.jar:na]
	at com.rabbitmq.client.impl.AMQChannel$BlockingRpcContinuation.getReply(AMQChannel.java:367) ~[amqp-client-3.5.6.jar:na]
	at com.rabbitmq.client.impl.AMQConnection.start(AMQConnection.java:293) ~[amqp-client-3.5.6.jar:na]
	at com.rabbitmq.client.impl.recovery.RecoveryAwareAMQConnectionFactory.newConnection(RecoveryAwareAMQConnectionFactory.java:36) ~[amqp-client-3.5.6.jar:na]
	at com.rabbitmq.client.impl.recovery.AutorecoveringConnection.init(AutorecoveringConnection.java:91) ~[amqp-client-3.5.6.jar:na]
	at com.rabbitmq.client.ConnectionFactory.newConnection(ConnectionFactory.java:640) ~[amqp-client-3.5.6.jar:na]
	at com.rabbitmq.client.ConnectionFactory.newConnection(ConnectionFactory.java:678) ~[amqp-client-3.5.6.jar:na]
	at org.librairy.eventbus.rabbitmq.RabbitMQClient.connect(RabbitMQClient.java:93) ~[librairy-boot-0.28.jar:na]
	at org.librairy.eventbus.rabbitmq.RabbitMQEventBus.init(RabbitMQEventBus.java:69) ~[librairy-boot-0.28.jar:na]
	... 69 common frames omitted
20161013-18:58:47.509 [INTRO] [main] [34mINFO [0;39m [36mo.l.i.Application[0;39m - Starting Application on adamuz.local with PID 4167 (/Users/cbadenes/Projects/librairy/intro/target/classes started by cbadenes in /Users/cbadenes/Projects/librairy/intro) 
20161013-18:58:47.517 [INTRO] [main] [34mINFO [0;39m [36mo.l.i.Application[0;39m - No active profile set, falling back to default profiles: default 
20161013-18:58:50.035 [INTRO] [main] [34mINFO [0;39m [36mo.l.s.s.c.ColumnConfig[0;39m - Initializying Cassandra connection to: column-db 9042 .. 
20161013-18:58:50.036 [INTRO] [main] [34mINFO [0;39m [36mo.l.s.s.c.ColumnConfig[0;39m - Initialized Cassandra connection to: column-db 9042 
20161013-18:58:51.262 [INTRO] [main] [34mINFO [0;39m [36mo.l.s.s.d.DocumentConfig[0;39m - Initializying Elasticsearch connection to: document-db 9300 .. 
20161013-18:58:51.991 [INTRO] [main] [34mINFO [0;39m [36mo.l.s.s.d.DocumentConfig[0;39m - Initialized Elasticsearch connection to: document-db 9300 
20161013-18:58:52.294 [INTRO] [main] [34mINFO [0;39m [36mo.l.s.s.g.GraphConfig[0;39m - Initializying Neo4j connection to: graph-db 7474 .. 
20161013-18:58:52.296 [INTRO] [main] [34mINFO [0;39m [36mo.l.s.s.g.GraphConfig[0;39m - Initialized Neo4j connection to: graph-db 7474 
20161013-18:58:52.713 [INTRO] [main] [34mINFO [0;39m [36mo.l.s.g.URIGenerator[0;39m - Uri Generator initialized successfully 
20161013-18:58:52.828 [INTRO] [main] [34mINFO [0;39m [36mo.l.e.r.RabbitMQEventBus[0;39m - Initializing RabbitMQ Event-Bus in: amqp://librairy:drinventor@event-bus:5672/drinventor 
20161013-18:58:52.844 [INTRO] [main] [34mINFO [0;39m [36mo.l.e.r.RabbitMQClient[0;39m - trying to connect to: event-bus:5672 .. 
20161013-18:58:52.904 [INTRO] [main] [34mINFO [0;39m [36mo.l.e.r.RabbitMQClient[0;39m - connected to: event-bus:5672 
20161013-18:58:52.914 [INTRO] [main] [34mINFO [0;39m [36mo.l.e.r.RabbitMQEventBus[0;39m - RabbitMQ Event-Bus initialized successfully 
20161013-18:58:53.007 [INTRO] [main] [34mINFO [0;39m [36mo.l.e.EventBusHelper[0;39m - Trying to register as subscriber of 'BindingKey(key=DOCUMENT.created, group=test.new.document)' the following handler: org.librairy.intro.Monitor@67292fc7 
20161013-18:58:53.076 [INTRO] [main] [34mINFO [0;39m [36mo.l.e.EventBusHelper[0;39m - registered successfully 
20161013-18:58:53.641 [INTRO] [main] [34mINFO [0;39m [36mo.l.i.Application[0;39m - Started Application in 6.409 seconds (JVM running for 7.59) 
20161013-18:58:53.641 [INTRO] [main] [34mINFO [0;39m [36mo.l.i.Application[0;39m - Listening on port: 8888 
20161013-18:59:08.987 [INTRO] [main] [34mINFO [0;39m [36mo.l.i.Application[0;39m - Starting Application on adamuz.local with PID 4175 (/Users/cbadenes/Projects/librairy/intro/target/classes started by cbadenes in /Users/cbadenes/Projects/librairy/intro) 
20161013-18:59:08.992 [INTRO] [main] [34mINFO [0;39m [36mo.l.i.Application[0;39m - No active profile set, falling back to default profiles: default 
20161013-18:59:11.716 [INTRO] [main] [34mINFO [0;39m [36mo.l.s.s.c.ColumnConfig[0;39m - Initializying Cassandra connection to: column-db 9042 .. 
20161013-18:59:11.717 [INTRO] [main] [34mINFO [0;39m [36mo.l.s.s.c.ColumnConfig[0;39m - Initialized Cassandra connection to: column-db 9042 
20161013-18:59:12.769 [INTRO] [main] [34mINFO [0;39m [36mo.l.s.s.d.DocumentConfig[0;39m - Initializying Elasticsearch connection to: document-db 9300 .. 
20161013-18:59:13.370 [INTRO] [main] [34mINFO [0;39m [36mo.l.s.s.d.DocumentConfig[0;39m - Initialized Elasticsearch connection to: document-db 9300 
20161013-18:59:13.673 [INTRO] [main] [34mINFO [0;39m [36mo.l.s.s.g.GraphConfig[0;39m - Initializying Neo4j connection to: graph-db 7474 .. 
20161013-18:59:13.675 [INTRO] [main] [34mINFO [0;39m [36mo.l.s.s.g.GraphConfig[0;39m - Initialized Neo4j connection to: graph-db 7474 
20161013-18:59:14.118 [INTRO] [main] [34mINFO [0;39m [36mo.l.s.g.URIGenerator[0;39m - Uri Generator initialized successfully 
20161013-18:59:14.254 [INTRO] [main] [34mINFO [0;39m [36mo.l.e.r.RabbitMQEventBus[0;39m - Initializing RabbitMQ Event-Bus in: amqp://librairy:drinventor@event-bus:5672/drinventor 
20161013-18:59:14.266 [INTRO] [main] [34mINFO [0;39m [36mo.l.e.r.RabbitMQClient[0;39m - trying to connect to: event-bus:5672 .. 
20161013-18:59:14.324 [INTRO] [main] [34mINFO [0;39m [36mo.l.e.r.RabbitMQClient[0;39m - connected to: event-bus:5672 
20161013-18:59:14.341 [INTRO] [main] [34mINFO [0;39m [36mo.l.e.r.RabbitMQEventBus[0;39m - RabbitMQ Event-Bus initialized successfully 
20161013-18:59:14.444 [INTRO] [main] [34mINFO [0;39m [36mo.l.e.EventBusHelper[0;39m - Trying to register as subscriber of 'BindingKey(key=DOCUMENT.created, group=test.new.document)' the following handler: org.librairy.intro.Monitor@7112b21a 
20161013-18:59:14.453 [INTRO] [main] [34mINFO [0;39m [36mo.l.e.EventBusHelper[0;39m - registered successfully 
20161013-18:59:14.981 [INTRO] [main] [1;31mERROR[0;39m [36mo.a.c.h.Http11NioProtocol[0;39m - Failed to start end point associated with ProtocolHandler ["http-nio-8888"] 
java.net.BindException: Address already in use
	at sun.nio.ch.Net.bind0(Native Method) ~[na:1.8.0_73]
	at sun.nio.ch.Net.bind(Net.java:433) ~[na:1.8.0_73]
	at sun.nio.ch.Net.bind(Net.java:425) ~[na:1.8.0_73]
	at sun.nio.ch.ServerSocketChannelImpl.bind(ServerSocketChannelImpl.java:223) ~[na:1.8.0_73]
	at sun.nio.ch.ServerSocketAdaptor.bind(ServerSocketAdaptor.java:74) ~[na:1.8.0_73]
	at org.apache.tomcat.util.net.NioEndpoint.bind(NioEndpoint.java:340) ~[tomcat-embed-core-8.0.33.jar:8.0.33]
	at org.apache.tomcat.util.net.AbstractEndpoint.start(AbstractEndpoint.java:773) ~[tomcat-embed-core-8.0.33.jar:8.0.33]
	at org.apache.coyote.AbstractProtocol.start(AbstractProtocol.java:473) ~[tomcat-embed-core-8.0.33.jar:8.0.33]
	at org.apache.catalina.connector.Connector.startInternal(Connector.java:986) [tomcat-embed-core-8.0.33.jar:8.0.33]
	at org.apache.catalina.util.LifecycleBase.start(LifecycleBase.java:147) [tomcat-embed-core-8.0.33.jar:8.0.33]
	at org.apache.catalina.core.StandardService.addConnector(StandardService.java:239) [tomcat-embed-core-8.0.33.jar:8.0.33]
	at org.springframework.boot.context.embedded.tomcat.TomcatEmbeddedServletContainer.addPreviouslyRemovedConnectors(TomcatEmbeddedServletContainer.java:194) [spring-boot-1.3.5.RELEASE.jar:1.3.5.RELEASE]
	at org.springframework.boot.context.embedded.tomcat.TomcatEmbeddedServletContainer.start(TomcatEmbeddedServletContainer.java:151) [spring-boot-1.3.5.RELEASE.jar:1.3.5.RELEASE]
	at org.springframework.boot.context.embedded.EmbeddedWebApplicationContext.startEmbeddedServletContainer(EmbeddedWebApplicationContext.java:293) [spring-boot-1.3.5.RELEASE.jar:1.3.5.RELEASE]
	at org.springframework.boot.context.embedded.EmbeddedWebApplicationContext.finishRefresh(EmbeddedWebApplicationContext.java:141) [spring-boot-1.3.5.RELEASE.jar:1.3.5.RELEASE]
	at org.springframework.context.support.AbstractApplicationContext.refresh(AbstractApplicationContext.java:541) [spring-context-4.2.7.RELEASE.jar:4.2.7.RELEASE]
	at org.springframework.boot.context.embedded.EmbeddedWebApplicationContext.refresh(EmbeddedWebApplicationContext.java:118) [spring-boot-1.3.5.RELEASE.jar:1.3.5.RELEASE]
	at org.springframework.boot.SpringApplication.refresh(SpringApplication.java:766) [spring-boot-1.3.5.RELEASE.jar:1.3.5.RELEASE]
	at org.springframework.boot.SpringApplication.createAndRefreshContext(SpringApplication.java:361) [spring-boot-1.3.5.RELEASE.jar:1.3.5.RELEASE]
	at org.springframework.boot.SpringApplication.run(SpringApplication.java:307) [spring-boot-1.3.5.RELEASE.jar:1.3.5.RELEASE]
	at org.springframework.boot.SpringApplication.run(SpringApplication.java:1191) [spring-boot-1.3.5.RELEASE.jar:1.3.5.RELEASE]
	at org.springframework.boot.SpringApplication.run(SpringApplication.java:1180) [spring-boot-1.3.5.RELEASE.jar:1.3.5.RELEASE]
	at org.librairy.intro.Application.main(Application.java:56) [classes/:na]
	at sun.reflect.NativeMethodAccessorImpl.invoke0(Native Method) ~[na:1.8.0_73]
	at sun.reflect.NativeMethodAccessorImpl.invoke(NativeMethodAccessorImpl.java:62) ~[na:1.8.0_73]
	at sun.reflect.DelegatingMethodAccessorImpl.invoke(DelegatingMethodAccessorImpl.java:43) ~[na:1.8.0_73]
	at java.lang.reflect.Method.invoke(Method.java:497) ~[na:1.8.0_73]
	at com.intellij.rt.execution.application.AppMain.main(AppMain.java:144) [idea_rt.jar:na]
20161013-18:59:14.983 [INTRO] [main] [1;31mERROR[0;39m [36mo.a.c.c.StandardService[0;39m - Failed to start connector [Connector[HTTP/1.1-8888]] 
org.apache.catalina.LifecycleException: Failed to start component [Connector[HTTP/1.1-8888]]
	at org.apache.catalina.util.LifecycleBase.start(LifecycleBase.java:153) ~[tomcat-embed-core-8.0.33.jar:8.0.33]
	at org.apache.catalina.core.StandardService.addConnector(StandardService.java:239) ~[tomcat-embed-core-8.0.33.jar:8.0.33]
	at org.springframework.boot.context.embedded.tomcat.TomcatEmbeddedServletContainer.addPreviouslyRemovedConnectors(TomcatEmbeddedServletContainer.java:194) [spring-boot-1.3.5.RELEASE.jar:1.3.5.RELEASE]
	at org.springframework.boot.context.embedded.tomcat.TomcatEmbeddedServletContainer.start(TomcatEmbeddedServletContainer.java:151) [spring-boot-1.3.5.RELEASE.jar:1.3.5.RELEASE]
	at org.springframework.boot.context.embedded.EmbeddedWebApplicationContext.startEmbeddedServletContainer(EmbeddedWebApplicationContext.java:293) [spring-boot-1.3.5.RELEASE.jar:1.3.5.RELEASE]
	at org.springframework.boot.context.embedded.EmbeddedWebApplicationContext.finishRefresh(EmbeddedWebApplicationContext.java:141) [spring-boot-1.3.5.RELEASE.jar:1.3.5.RELEASE]
	at org.springframework.context.support.AbstractApplicationContext.refresh(AbstractApplicationContext.java:541) [spring-context-4.2.7.RELEASE.jar:4.2.7.RELEASE]
	at org.springframework.boot.context.embedded.EmbeddedWebApplicationContext.refresh(EmbeddedWebApplicationContext.java:118) [spring-boot-1.3.5.RELEASE.jar:1.3.5.RELEASE]
	at org.springframework.boot.SpringApplication.refresh(SpringApplication.java:766) [spring-boot-1.3.5.RELEASE.jar:1.3.5.RELEASE]
	at org.springframework.boot.SpringApplication.createAndRefreshContext(SpringApplication.java:361) [spring-boot-1.3.5.RELEASE.jar:1.3.5.RELEASE]
	at org.springframework.boot.SpringApplication.run(SpringApplication.java:307) [spring-boot-1.3.5.RELEASE.jar:1.3.5.RELEASE]
	at org.springframework.boot.SpringApplication.run(SpringApplication.java:1191) [spring-boot-1.3.5.RELEASE.jar:1.3.5.RELEASE]
	at org.springframework.boot.SpringApplication.run(SpringApplication.java:1180) [spring-boot-1.3.5.RELEASE.jar:1.3.5.RELEASE]
	at org.librairy.intro.Application.main(Application.java:56) [classes/:na]
	at sun.reflect.NativeMethodAccessorImpl.invoke0(Native Method) ~[na:1.8.0_73]
	at sun.reflect.NativeMethodAccessorImpl.invoke(NativeMethodAccessorImpl.java:62) ~[na:1.8.0_73]
	at sun.reflect.DelegatingMethodAccessorImpl.invoke(DelegatingMethodAccessorImpl.java:43) ~[na:1.8.0_73]
	at java.lang.reflect.Method.invoke(Method.java:497) ~[na:1.8.0_73]
	at com.intellij.rt.execution.application.AppMain.main(AppMain.java:144) [idea_rt.jar:na]
Caused by: org.apache.catalina.LifecycleException: service.getName(): "Tomcat";  Protocol handler start failed
	at org.apache.catalina.connector.Connector.startInternal(Connector.java:993) ~[tomcat-embed-core-8.0.33.jar:8.0.33]
	at org.apache.catalina.util.LifecycleBase.start(LifecycleBase.java:147) ~[tomcat-embed-core-8.0.33.jar:8.0.33]
	... 18 common frames omitted
Caused by: java.net.BindException: Address already in use
	at sun.nio.ch.Net.bind0(Native Method) ~[na:1.8.0_73]
	at sun.nio.ch.Net.bind(Net.java:433) ~[na:1.8.0_73]
	at sun.nio.ch.Net.bind(Net.java:425) ~[na:1.8.0_73]
	at sun.nio.ch.ServerSocketChannelImpl.bind(ServerSocketChannelImpl.java:223) ~[na:1.8.0_73]
	at sun.nio.ch.ServerSocketAdaptor.bind(ServerSocketAdaptor.java:74) ~[na:1.8.0_73]
	at org.apache.tomcat.util.net.NioEndpoint.bind(NioEndpoint.java:340) ~[tomcat-embed-core-8.0.33.jar:8.0.33]
	at org.apache.tomcat.util.net.AbstractEndpoint.start(AbstractEndpoint.java:773) ~[tomcat-embed-core-8.0.33.jar:8.0.33]
	at org.apache.coyote.AbstractProtocol.start(AbstractProtocol.java:473) ~[tomcat-embed-core-8.0.33.jar:8.0.33]
	at org.apache.catalina.connector.Connector.startInternal(Connector.java:986) ~[tomcat-embed-core-8.0.33.jar:8.0.33]
	... 19 common frames omitted
20161013-18:59:14.994 [INTRO] [main] [1;31mERROR[0;39m [36mo.s.b.SpringApplication[0;39m - Application startup failed 
org.springframework.boot.context.embedded.EmbeddedServletContainerException: Unable to start embedded Tomcat servlet container
	at org.springframework.boot.context.embedded.tomcat.TomcatEmbeddedServletContainer.start(TomcatEmbeddedServletContainer.java:165) ~[spring-boot-1.3.5.RELEASE.jar:1.3.5.RELEASE]
	at org.springframework.boot.context.embedded.EmbeddedWebApplicationContext.startEmbeddedServletContainer(EmbeddedWebApplicationContext.java:293) ~[spring-boot-1.3.5.RELEASE.jar:1.3.5.RELEASE]
	at org.springframework.boot.context.embedded.EmbeddedWebApplicationContext.finishRefresh(EmbeddedWebApplicationContext.java:141) ~[spring-boot-1.3.5.RELEASE.jar:1.3.5.RELEASE]
	at org.springframework.context.support.AbstractApplicationContext.refresh(AbstractApplicationContext.java:541) ~[spring-context-4.2.7.RELEASE.jar:4.2.7.RELEASE]
	at org.springframework.boot.context.embedded.EmbeddedWebApplicationContext.refresh(EmbeddedWebApplicationContext.java:118) ~[spring-boot-1.3.5.RELEASE.jar:1.3.5.RELEASE]
	at org.springframework.boot.SpringApplication.refresh(SpringApplication.java:766) [spring-boot-1.3.5.RELEASE.jar:1.3.5.RELEASE]
	at org.springframework.boot.SpringApplication.createAndRefreshContext(SpringApplication.java:361) [spring-boot-1.3.5.RELEASE.jar:1.3.5.RELEASE]
	at org.springframework.boot.SpringApplication.run(SpringApplication.java:307) [spring-boot-1.3.5.RELEASE.jar:1.3.5.RELEASE]
	at org.springframework.boot.SpringApplication.run(SpringApplication.java:1191) [spring-boot-1.3.5.RELEASE.jar:1.3.5.RELEASE]
	at org.springframework.boot.SpringApplication.run(SpringApplication.java:1180) [spring-boot-1.3.5.RELEASE.jar:1.3.5.RELEASE]
	at org.librairy.intro.Application.main(Application.java:56) [classes/:na]
	at sun.reflect.NativeMethodAccessorImpl.invoke0(Native Method) ~[na:1.8.0_73]
	at sun.reflect.NativeMethodAccessorImpl.invoke(NativeMethodAccessorImpl.java:62) ~[na:1.8.0_73]
	at sun.reflect.DelegatingMethodAccessorImpl.invoke(DelegatingMethodAccessorImpl.java:43) ~[na:1.8.0_73]
	at java.lang.reflect.Method.invoke(Method.java:497) ~[na:1.8.0_73]
	at com.intellij.rt.execution.application.AppMain.main(AppMain.java:144) [idea_rt.jar:na]
Caused by: java.lang.IllegalStateException: Tomcat connector in failed state
	at org.springframework.boot.context.embedded.tomcat.TomcatEmbeddedServletContainer.start(TomcatEmbeddedServletContainer.java:159) ~[spring-boot-1.3.5.RELEASE.jar:1.3.5.RELEASE]
	... 15 common frames omitted
20161013-18:59:14.996 [INTRO] [main] [1;31mERROR[0;39m [36mo.l.i.Application[0;39m - Error executing test 
org.springframework.boot.context.embedded.EmbeddedServletContainerException: Unable to start embedded Tomcat servlet container
	at org.springframework.boot.context.embedded.tomcat.TomcatEmbeddedServletContainer.start(TomcatEmbeddedServletContainer.java:165) ~[spring-boot-1.3.5.RELEASE.jar:1.3.5.RELEASE]
	at org.springframework.boot.context.embedded.EmbeddedWebApplicationContext.startEmbeddedServletContainer(EmbeddedWebApplicationContext.java:293) ~[spring-boot-1.3.5.RELEASE.jar:1.3.5.RELEASE]
	at org.springframework.boot.context.embedded.EmbeddedWebApplicationContext.finishRefresh(EmbeddedWebApplicationContext.java:141) ~[spring-boot-1.3.5.RELEASE.jar:1.3.5.RELEASE]
	at org.springframework.context.support.AbstractApplicationContext.refresh(AbstractApplicationContext.java:541) ~[spring-context-4.2.7.RELEASE.jar:4.2.7.RELEASE]
	at org.springframework.boot.context.embedded.EmbeddedWebApplicationContext.refresh(EmbeddedWebApplicationContext.java:118) ~[spring-boot-1.3.5.RELEASE.jar:1.3.5.RELEASE]
	at org.springframework.boot.SpringApplication.refresh(SpringApplication.java:766) ~[spring-boot-1.3.5.RELEASE.jar:1.3.5.RELEASE]
	at org.springframework.boot.SpringApplication.createAndRefreshContext(SpringApplication.java:361) ~[spring-boot-1.3.5.RELEASE.jar:1.3.5.RELEASE]
	at org.springframework.boot.SpringApplication.run(SpringApplication.java:307) ~[spring-boot-1.3.5.RELEASE.jar:1.3.5.RELEASE]
	at org.springframework.boot.SpringApplication.run(SpringApplication.java:1191) ~[spring-boot-1.3.5.RELEASE.jar:1.3.5.RELEASE]
	at org.springframework.boot.SpringApplication.run(SpringApplication.java:1180) ~[spring-boot-1.3.5.RELEASE.jar:1.3.5.RELEASE]
	at org.librairy.intro.Application.main(Application.java:56) ~[classes/:na]
	at sun.reflect.NativeMethodAccessorImpl.invoke0(Native Method) ~[na:1.8.0_73]
	at sun.reflect.NativeMethodAccessorImpl.invoke(NativeMethodAccessorImpl.java:62) ~[na:1.8.0_73]
	at sun.reflect.DelegatingMethodAccessorImpl.invoke(DelegatingMethodAccessorImpl.java:43) ~[na:1.8.0_73]
	at java.lang.reflect.Method.invoke(Method.java:497) ~[na:1.8.0_73]
	at com.intellij.rt.execution.application.AppMain.main(AppMain.java:144) [idea_rt.jar:na]
Caused by: java.lang.IllegalStateException: Tomcat connector in failed state
	at org.springframework.boot.context.embedded.tomcat.TomcatEmbeddedServletContainer.start(TomcatEmbeddedServletContainer.java:159) ~[spring-boot-1.3.5.RELEASE.jar:1.3.5.RELEASE]
	... 15 common frames omitted
